Arguments: 
  C:\Program Files\nodejs\node.exe C:\Users\HP EliteBook 840 G3\AppData\Roaming\npm\node_modules\yarn\bin\yarn.js start

PATH: 
  C:\ProgramData\Oracle\Java\javapath;C:\Windows\system32;C:\Windows;C:\Windows\System32\Wbem;C:\Windows\System32\WindowsPowerShell\v1.0\;C:\Program Files\Git\cmd;C:\Program Files\nodejs\;C:\Users\HP EliteBook 840 G3\AppData\Local\Microsoft\WindowsApps;C:\Program Files\Microsoft VS Code\bin;C:\Users\HP EliteBook 840 G3\AppData\Local\atom\bin;C:\Users\HP EliteBook 840 G3\AppData\Roaming\npm

Yarn version: 
  1.5.1

Node version: 
  8.9.4

Platform: 
  win32 x64

npm manifest: 
  No manifest

yarn manifest: 
  No manifest

Lockfile: 
  No lockfile

Trace: 
  Error: Couldn't find a package.json file in "C:\\Users\\HP EliteBook 840 G3\\Desktop\\gitHub\\bit-wa\\react\\youtube"
      at new MessageError (C:\Users\HP EliteBook 840 G3\AppData\Roaming\npm\node_modules\yarn\lib\cli.js:186:110)
      at C:\Users\HP EliteBook 840 G3\AppData\Roaming\npm\node_modules\yarn\lib\cli.js:40048:15
      at Generator.next (<anonymous>)
      at step (C:\Users\HP EliteBook 840 G3\AppData\Roaming\npm\node_modules\yarn\lib\cli.js:98:30)
      at C:\Users\HP EliteBook 840 G3\AppData\Roaming\npm\node_modules\yarn\lib\cli.js:109:13
      at <anonymous>
